09:30 Введение
11:00 Упражнения
11:15 Перерыв
11:35 Скаляры
12:30 Обеденный перерыв
13:30 Упражнения
14:10 Решения
14:30 Перерыв
14:40 Массивы
15:40 Упражнения
17:00 Решения
17:30 Конец

09:30 Углубленное изучение массивов
10:30 Упражнения
10:50 Перерыв
11:00 Коллекции
12:30 Обеденный перерыв
13:30 Упражнения
14:30 Потоки ввода-вывода
15:50 Перерыв
16:10 Упражнения
17:00 Решения
17:40 Конец

09:20 Введение в многопоточность
11:00 Упражнения
11:15 Перерыв
11:35 Потоки
12:30 Обеденный перерыв
13:30 Упражнения
14:10 Решения
14:30 Перерыв
14:40 java.util.Concurrent
15:40 Упражнения
17:00 Решения
17:30 Конец

09:30 Дизайн проекта
10:30 Упражнения
10:50 Перерыв
11:00 Базы данных
12:30 Обеденный перерыв
13:30 Упражнения
14:30 Сервлеты
15:50 Перерыв
16:10 Упражнения
17:00 Решения
17:40 Конец