День 1:
Лекции: 205 минут 42%
Перерыв: 30 минут 6%
Решения: 50 минут 10%
Обеденный перерыв: 60 минут 12%
Упражнения: 135 минут 28%
Лекции:
Введение: 90 минут 43%
Скаляры: 55 минут 26%
Массивы: 60 минут 29%

День 2:
Лекции: 230 минут 46%
Перерыв: 30 минут 6%
Решения: 40 минут 8%
Обеденный перерыв: 60 минут 12%
Упражнения: 130 минут 26%
Лекции:
Коллекции: 90 минут 39%
Углубленное изучение массивов: 60 минут 26%
Потоки ввода-вывода: 80 минут 34%

День 3:
Лекции: 215 минут 43%
Перерыв: 30 минут 6%
Решения: 50 минут 10%
Обеденный перерыв: 60 минут 12%
Упражнения: 135 минут 27%
Лекции:
java.util.Concurrent: 60 минут 27%
Потоки: 55 минут 25%
Введение в многопоточность: 100 минут 46%

День 4:
Лекции: 230 минут 46%
Перерыв: 30 минут 6%
Решения: 40 минут 8%
Обеденный перерыв: 60 минут 12%
Упражнения: 130 минут 26%
Лекции:
Базы данных: 90 минут 39%
Дизайн проекта: 60 минут 26%
Сервлеты: 80 минут 34%

