09:30-11:00 Введение
11:00-11:15 Упражнения
11:15-11:35 Перерыв
11:35-12:30 Скаляры
12:30-13:30 Обеденный перерыв
13:30-14:10 Упражнения
14:10-14:30 Решения
14:30-14:40 Перерыв
14:40-15:40 Массивы
15:40-17:00 Упражнения
17:00-17:30 Решения
17:30 Конец

09:30-10:30 Углубленное изучение массивов
10:30-10:50 Упражнения
10:50-11:00 Перерыв
11:00-12:30 Коллекции
12:30-13:30 Обеденный перерыв
13:30-14:30 Упражнения
14:30-15:50 Потоки ввода-вывода
15:50-16:10 Перерыв
16:10-17:00 Упражнения
17:00-17:40 Решения
17:40 Конец

09:20-11:00 Введение в многопоточность
11:00-11:15 Упражнения
11:15-11:35 Перерыв
11:35-12:30 Потоки
12:30-13:30 Обеденный перерыв
13:30-14:10 Упражнения
14:10-14:30 Решения
14:30-14:40 Перерыв
14:40-15:40 java.util.Concurrent
15:40-17:00 Упражнения
17:00-17:30 Решения
17:30 Конец

09:30-10:30 Дизайн проекта
10:30-10:50 Упражнения
10:50-11:00 Перерыв
11:00-12:30 Базы данных
12:30-13:30 Обеденный перерыв
13:30-14:30 Упражнения
14:30-15:50 Сервлеты
15:50-16:10 Перерыв
16:10-17:00 Упражнения
17:00-17:40 Решения
17:40 Конец

